{"C:\\Users\\vatshat\\VS-workspace\\my-react-tutorials\\mock-store\\src\\asynchronous.js": {"path":"C:\\Users\\vatshat\\VS-workspace\\my-react-tutorials\\mock-store\\src\\asynchronous.js","statementMap":{"0":{"start":{"line":2,"column":18},"end":{"line":2,"column":29}},"1":{"start":{"line":3,"column":18},"end":{"line":3,"column":29}},"2":{"start":{"line":4,"column":20},"end":{"line":4,"column":33}},"3":{"start":{"line":8,"column":17},"end":{"line":13,"column":1}},"4":{"start":{"line":9,"column":4},"end":{"line":12,"column":6}},"5":{"start":{"line":15,"column":17},"end":{"line":20,"column":1}},"6":{"start":{"line":16,"column":4},"end":{"line":19,"column":6}},"7":{"start":{"line":22,"column":19},"end":{"line":36,"column":1}},"8":{"start":{"line":23,"column":4},"end":{"line":35,"column":6}},"9":{"start":{"line":24,"column":8},"end":{"line":24,"column":33}},"10":{"start":{"line":26,"column":8},"end":{"line":34,"column":15}},"11":{"start":{"line":28,"column":16},"end":{"line":28,"column":41}},"12":{"start":{"line":29,"column":16},"end":{"line":29,"column":42}},"13":{"start":{"line":32,"column":16},"end":{"line":32,"column":44}},"14":{"start":{"line":33,"column":16},"end":{"line":33,"column":42}}},"fnMap":{"0":{"name":"(anonymous_0)","decl":{"start":{"line":8,"column":17},"end":{"line":8,"column":18}},"loc":{"start":{"line":8,"column":28},"end":{"line":13,"column":1}},"line":8},"1":{"name":"(anonymous_1)","decl":{"start":{"line":15,"column":17},"end":{"line":15,"column":18}},"loc":{"start":{"line":15,"column":33},"end":{"line":20,"column":1}},"line":15},"2":{"name":"(anonymous_2)","decl":{"start":{"line":22,"column":19},"end":{"line":22,"column":20}},"loc":{"start":{"line":22,"column":30},"end":{"line":36,"column":1}},"line":22},"3":{"name":"(anonymous_3)","decl":{"start":{"line":23,"column":11},"end":{"line":23,"column":12}},"loc":{"start":{"line":23,"column":25},"end":{"line":35,"column":5}},"line":23},"4":{"name":"(anonymous_4)","decl":{"start":{"line":27,"column":18},"end":{"line":27,"column":19}},"loc":{"start":{"line":27,"column":28},"end":{"line":30,"column":13}},"line":27},"5":{"name":"(anonymous_5)","decl":{"start":{"line":31,"column":19},"end":{"line":31,"column":20}},"loc":{"start":{"line":31,"column":26},"end":{"line":34,"column":13}},"line":31}},"branchMap":{"0":{"loc":{"start":{"line":32,"column":30},"end":{"line":32,"column":42}},"type":"binary-expr","locations":[{"start":{"line":32,"column":30},"end":{"line":32,"column":37}},{"start":{"line":32,"column":41},"end":{"line":32,"column":42}}],"line":32}},"s":{"0":1,"1":1,"2":1,"3":1,"4":1,"5":1,"6":2,"7":1,"8":1,"9":1,"10":1,"11":1,"12":1,"13":0,"14":0},"f":{"0":1,"1":2,"2":1,"3":1,"4":1,"5":0},"b":{"0":[0,0]},"_coverageSchema":"332fd63041d2c1bcb487cc26dd0d5f7d97098a6c","hash":"1f79d895b2841b52f6749c1f79e0e9145fccc9f6"}
,"C:\\Users\\vatshat\\VS-workspace\\my-react-tutorials\\mock-store\\src\\sum.js": {"path":"C:\\Users\\vatshat\\VS-workspace\\my-react-tutorials\\mock-store\\src\\sum.js","statementMap":{"0":{"start":{"line":2,"column":4},"end":{"line":2,"column":17}},"1":{"start":{"line":4,"column":0},"end":{"line":4,"column":21}}},"fnMap":{"0":{"name":"sum","decl":{"start":{"line":1,"column":9},"end":{"line":1,"column":12}},"loc":{"start":{"line":1,"column":19},"end":{"line":3,"column":1}},"line":1}},"branchMap":{},"s":{"0":1,"1":1},"f":{"0":1},"b":{},"_coverageSchema":"332fd63041d2c1bcb487cc26dd0d5f7d97098a6c","hash":"c969a4da674cc0cbdbbb7ad52acadadbad04e271"}
,"C:\\Users\\vatshat\\VS-workspace\\my-react-tutorials\\mock-store\\src\\synchronous.js": {"path":"C:\\Users\\vatshat\\VS-workspace\\my-react-tutorials\\mock-store\\src\\synchronous.js","statementMap":{"0":{"start":{"line":1,"column":17},"end":{"line":1,"column":27}},"1":{"start":{"line":3,"column":16},"end":{"line":8,"column":1}},"2":{"start":{"line":4,"column":4},"end":{"line":7,"column":6}}},"fnMap":{"0":{"name":"(anonymous_0)","decl":{"start":{"line":3,"column":16},"end":{"line":3,"column":17}},"loc":{"start":{"line":3,"column":26},"end":{"line":8,"column":1}},"line":3}},"branchMap":{},"s":{"0":1,"1":1,"2":1},"f":{"0":1},"b":{},"_coverageSchema":"332fd63041d2c1bcb487cc26dd0d5f7d97098a6c","hash":"409b29e62f7b8eb1185a8112e4c001c60d6867ba"}
}
